[2025-12-11 00:57:37] ::1 "GET /githubdario/backend/docs/json"
[2025-12-11 00:57:58] ::1 "GET /githubdario/backend/index.php/test-users"
[2025-12-11 00:58:04] ::1 "GET /githubdario/backend/index.php/test-user"
[2025-12-11 00:58:17] ::1 "GET /githubdario/backend/index.php/users"
[2025-12-11 00:58:34] ::1 "GET /githubdario/backend/index.php/users"
[2025-12-11 00:58:34] ::1 "GET /githubdario/backend/index.php/users"
[2025-12-11 00:58:34] ::1 "GET /githubdario/backend/index.php/users"
[2025-12-11 01:08:51] ::1 "GET /githubdario/backend/users"
[2025-12-11 01:12:13] ::1 "GET /githubdario/backend/users"
[2025-12-11 01:13:03] ::1 "POST /githubdario/backend/users"
[2025-12-11 19:15:12] ::1 "GET /githubdario/backend/users"
[2025-12-11 19:15:31] ::1 "GET /githubdario/backend/users"
[2025-12-11 19:50:13] ::1 "GET /githubdario/backend/test-users"
[2025-12-11 19:50:43] ::1 "GET /githubdario/backend/users"
[2025-12-11 19:54:50] ::1 "POST /githubdario/backend/users/register"
[2025-12-11 20:00:26] ::1 "POST /githubdario/backend/auth/login"
[2025-12-11 20:01:00] ::1 "POST /githubdario/backend/auth/login"
[2025-12-11 20:01:04] ::1 "POST /githubdario/backend/auth"
[2025-12-11 20:03:10] ::1 "POST /githubdario/backend/auth/login"
[2025-12-11 20:05:54] ::1 "POST /githubdario/backend/index.php/users/register"
[2025-12-11 20:06:01] ::1 "POST /githubdario/backend/users/register"
[2025-12-11 20:07:05] ::1 "POST /githubdario/backend/auth/login"
[2025-12-11 20:07:12] ::1 "POST /githubdario/backend/auth/login"
[2025-12-11 20:16:11] ::1 "POST /githubdario/backend/users/register"
[2025-12-11 20:20:26] ::1 "POST /githubdario/backend/users/register"
[2025-12-11 20:21:31] ::1 "POST /githubdario/backend/auth/login"
[2025-12-11 20:22:14] ::1 "GET /githubdario/backend/users"
[2025-12-11 20:27:14] ::1 "GET /githubdario/backend/index.php/test-users"
[2025-12-11 20:27:27] ::1 "GET /githubdario/backend/index.php/test-users"
[2025-12-11 20:28:20] ::1 "GET /githubdario/backend/users"
[2025-12-11 20:28:46] ::1 "GET /githubdario/backend/test-users"
[2025-12-11 20:29:28] ::1 "GET /githubdario/backend/"
[2025-12-11 20:29:33] ::1 "GET /githubdario/backend/"
[2025-12-11 20:29:49] ::1 "GET /githubdario/backend/test-users"
[2025-12-11 20:30:05] ::1 "GET /githubdario/backend/test-users"
[2025-12-11 20:30:19] ::1 "GET /githubdario/backend/index.php/users"
[2025-12-11 20:30:27] ::1 "GET /githubdario/backend/users"
[2025-12-11 20:33:18] ::1 "GET /githubdario/backend/auth/me"
[2025-12-11 20:33:20] ::1 "GET /githubdario/backend/auth/me"
[2025-12-11 20:33:42] ::1 "GET /githubdario/backend/test-users"
[2025-12-11 20:34:58] ::1 "GET /githubdario/backend/test-users"
[2025-12-11 20:35:09] ::1 "POST /githubdario/backend/users/register"
[2025-12-11 20:36:01] ::1 "POST /githubdario/backend/auth/login"
[2025-12-11 20:39:11] ::1 "GET /githubdario/backend/users"
[2025-12-11 20:40:49] ::1 "GET /githubdario/backend/users"
[2025-12-11 20:42:58] ::1 "GET /githubdario/backend/users"
[2025-12-12 18:50:46] ::1 "GET /githubdario/backend/"
[2025-12-12 18:50:54] ::1 "GET /githubdario/backend/test-users"
[2025-12-12 19:04:32] ::1 "GET /githubdario/backend/currencies"
[2025-12-12 19:05:34] ::1 "GET /githubdario/backend/currencies"
[2025-12-12 19:09:46] ::1 "GET /githubdario/backend/wallets"
[2025-12-12 19:09:50] ::1 "GET /githubdario/backend/wallets"
[2025-12-12 19:16:56] ::1 "GET /githubdario/backend/orders"
[2025-12-12 19:16:59] ::1 "GET /githubdario/backend/orders"
[2025-12-12 19:56:28] ::1 "POST /githubdario/backend/auth/login"
[2025-12-12 19:56:52] ::1 "POST /githubdario/backend/auth/login"
[2025-12-12 20:01:09] ::1 "POST /githubdario/backend/auth/login"
[2025-12-12 20:01:13] ::1 "POST /githubdario/backend/auth/login"
[2025-12-13 02:15:36] ::1 "POST /githubdario/backend/auth/login"
[2025-12-13 02:20:44] ::1 "GET /githubdario/backend/wallets"
[2025-12-13 02:20:48] ::1 "GET /githubdario/backend/wallets"
[2025-12-13 02:21:50] ::1 "GET /githubdario/backend/wallets"
[2025-12-13 02:23:32] ::1 "GET /githubdario/backend/orders"
[2025-12-13 02:23:58] ::1 "POST /githubdario/backend/orders"
[2025-12-13 02:23:59] ::1 "GET /githubdario/backend/orders"
[2025-12-13 02:24:23] ::1 "GET /githubdario/backend/wallets"
[2025-12-13 02:24:36] ::1 "POST /githubdario/backend/wallets"
[2025-12-13 02:24:37] ::1 "GET /githubdario/backend/wallets"
[2025-12-13 02:25:14] ::1 "GET /githubdario/backend/orders"
[2025-12-13 02:27:08] ::1 "GET /githubdario/backend/transactions"
[2025-12-13 02:27:18] ::1 "POST /githubdario/backend/transactions"
[2025-12-13 02:27:19] ::1 "GET /githubdario/backend/transactions"
[2025-12-13 02:27:27] ::1 "DELETE /githubdario/backend/transactions/3"
[2025-12-13 02:27:28] ::1 "GET /githubdario/backend/transactions"
[2025-12-13 02:27:30] ::1 "GET /githubdario/backend/orders"
[2025-12-13 02:27:31] ::1 "GET /githubdario/backend/wallets"
[2025-12-13 02:39:02] ::1 "GET /githubdario/backend/wallets"
[2025-12-13 02:41:43] ::1 "POST /githubdario/backend/auth/login"
[2025-12-13 02:42:36] ::1 "GET /githubdario/backend/auth/me"
[2025-12-13 02:42:36] ::1 "GET /githubdario/backend/users"
[2025-12-13 02:42:36] ::1 "GET /githubdario/backend/wallets"
[2025-12-13 02:42:36] ::1 "GET /githubdario/backend/orders"
[2025-12-13 02:44:32] ::1 "GET /githubdario/backend/auth/me"
[2025-12-13 02:59:31] ::1 "GET /githubdario/backend/auth/me"
[2025-12-13 03:07:54] ::1 "GET /githubdario/backend/auth/me"
[2025-12-14 20:15:02] ::1 "GET /githubdario/backend/orders"
[2025-12-14 20:15:07] ::1 "GET /githubdario/backend/orders"
[2025-12-14 20:16:12] ::1 "GET /githubdario/backend/auth/me"
[2025-12-14 20:16:29] ::1 "POST /githubdario/backend/auth/login"
[2025-12-14 20:16:32] ::1 "GET /githubdario/backend/auth/me"
[2025-12-14 20:16:33] ::1 "GET /githubdario/backend/auth/me"
[2025-12-14 20:16:33] ::1 "GET /githubdario/backend/users"
[2025-12-14 20:16:33] ::1 "GET /githubdario/backend/wallets"
[2025-12-14 20:16:33] ::1 "GET /githubdario/backend/orders"
[2025-12-14 20:16:36] ::1 "GET /githubdario/backend/auth/me"
[2025-12-14 20:16:40] ::1 "GET /githubdario/backend/orders"
[2025-12-14 20:16:41] ::1 "GET /githubdario/backend/orders"
[2025-12-14 20:16:42] ::1 "GET /githubdario/backend/orders"
[2025-12-14 20:16:59] ::1 "GET /githubdario/backend/auth/me"
[2025-12-14 20:17:02] ::1 "GET /githubdario/backend/auth/me"
[2025-12-14 20:17:07] ::1 "GET /githubdario/backend/auth/login"
[2025-12-14 20:17:20] ::1 "POST /githubdario/backend/auth/login"
[2025-12-14 20:17:53] ::1 "GET /githubdario/backend/orders"
[2025-12-15 02:48:28] ::1 "POST /dariofinal/backend/index.php/auth/login" status=200 guest 29.94ms
[2025-12-15 02:48:30] ::1 "POST /dariofinal/backend/index.php/auth/login" status=200 guest 1.11ms
[2025-12-15 02:48:37] ::1 "POST /dariofinal/backend/index.php/auth/login" status=200 guest 1.17ms
[2025-12-15 02:53:07] ::1 "POST /dariofinal/backend/auth/login" status=200 guest 86.79ms
[2025-12-15 02:53:13] ::1 "GET /dariofinal/backend/currencies" status=200 guest 4.86ms
[2025-12-15 02:53:13] ::1 "GET /dariofinal/backend/wallets" status=200 guest 2.7ms
[2025-12-15 02:53:16] ::1 "GET /dariofinal/backend/wallets" status=200 guest 14.88ms
[2025-12-15 02:53:17] ::1 "GET /dariofinal/backend/orders" status=200 guest 26.46ms
[2025-12-15 02:53:18] ::1 "GET /dariofinal/backend/transactions" status=200 guest 25.57ms
[2025-12-15 02:53:19] ::1 "GET /dariofinal/backend/auth/me" status=200 guest 25.98ms
[2025-12-15 02:53:20] ::1 "GET /dariofinal/backend/currencies" status=200 guest 20.51ms
[2025-12-15 02:53:22] ::1 "GET /dariofinal/backend/auth/me" status=200 guest 26.14ms
[2025-12-15 02:53:24] ::1 "GET /dariofinal/backend/auth/me" status=200 guest 2.84ms
[2025-12-15 02:53:24] ::1 "GET /dariofinal/backend/users" status=200 guest 22.7ms
[2025-12-15 02:53:24] ::1 "GET /dariofinal/backend/wallets" status=200 guest 3.98ms
[2025-12-15 02:53:24] ::1 "GET /dariofinal/backend/orders" status=200 guest 18.44ms
[2025-12-15 02:53:26] ::1 "GET /dariofinal/backend/currencies" status=200 guest 28.23ms
[2025-12-15 02:53:26] ::1 "GET /dariofinal/backend/wallets" status=200 guest 15.86ms
[2025-12-15 02:53:28] ::1 "GET /dariofinal/backend/wallets" status=200 guest 13.86ms
[2025-12-15 02:53:57] ::1 "GET /dariofinal/backend/currencies" status=200 guest 4.47ms
[2025-12-15 02:53:57] ::1 "GET /dariofinal/backend/wallets" status=200 guest 23.57ms
[2025-12-15 02:54:06] ::1 "POST /dariofinal/backend/exchange" status=200 guest 20.89ms
[2025-12-15 02:54:06] ::1 "GET /dariofinal/backend/currencies" status=200 guest 3.48ms
[2025-12-15 02:54:06] ::1 "GET /dariofinal/backend/wallets" status=200 guest 2.51ms
[2025-12-15 02:54:08] ::1 "GET /dariofinal/backend/wallets" status=200 guest 3.04ms
[2025-12-15 03:13:35] ::1 "GET /dariofinal2/backend/auth/me" status=200 guest 46.65ms
